

Started GET "/assets/rails.png" for 127.0.0.1 at 2015-01-15 16:04:21 +0100
Connecting to database specified by database.yml
Served asset /rails.png - 200 OK (44ms)
Connecting to database specified by database.yml
Connecting to database specified by database.yml
  [1m[36m (0.4ms)[0m  [1mselect sqlite_version(*)[0m
  [1m[35m (99.9ms)[0m  CREATE TABLE "schema_migrations" ("version" varchar(255) NOT NULL) 
  [1m[36m (116.6ms)[0m  [1mCREATE UNIQUE INDEX "unique_schema_migrations" ON "schema_migrations" ("version")[0m
  [1m[35m (23.6ms)[0m  SELECT "schema_migrations"."version" FROM "schema_migrations" 
Migrating to CreateCommittees (20150115151621)
  [1m[36m (0.2ms)[0m  [1mbegin transaction[0m
  [1m[35m (1.8ms)[0m  CREATE TABLE "committees" ("id" INTEGER PRIMARY KEY AUTOINCREMENT NOT NULL, "name" varchar(255), "commitee_id" integer, "created_at" datetime NOT NULL, "updated_at" datetime NOT NULL) 
  [1m[36m (0.5ms)[0m  [1mINSERT INTO "schema_migrations" ("version") VALUES ('20150115151621')[0m
  [1m[35m (123.7ms)[0m  commit transaction
  [1m[36m (0.5ms)[0m  [1mSELECT "schema_migrations"."version" FROM "schema_migrations" [0m


Started GET "/commitees" for 127.0.0.1 at 2015-01-15 16:20:40 +0100

ActionController::RoutingError (No route matches [GET] "/commitees"):
  /usr/lib/ruby/vendor_ruby/action_dispatch/middleware/debug_exceptions.rb:21:in `call'
  /usr/lib/ruby/vendor_ruby/action_dispatch/middleware/show_exceptions.rb:56:in `call'
  /usr/lib/ruby/vendor_ruby/rails/rack/logger.rb:32:in `call_app'
  /usr/lib/ruby/vendor_ruby/rails/rack/logger.rb:16:in `block in call'
  /usr/lib/ruby/vendor_ruby/active_support/tagged_logging.rb:22:in `tagged'
  /usr/lib/ruby/vendor_ruby/rails/rack/logger.rb:16:in `call'
  /usr/lib/ruby/vendor_ruby/action_dispatch/middleware/request_id.rb:22:in `call'
  rack (1.6.0) lib/rack/methodoverride.rb:22:in `call'
  rack (1.6.0) lib/rack/runtime.rb:18:in `call'
  /usr/lib/ruby/vendor_ruby/active_support/cache/strategy/local_cache.rb:72:in `call'
  rack (1.6.0) lib/rack/lock.rb:17:in `call'
  /usr/lib/ruby/vendor_ruby/action_dispatch/middleware/static.rb:63:in `call'
  /usr/lib/ruby/vendor_ruby/rails/engine.rb:484:in `call'
  /usr/lib/ruby/vendor_ruby/rails/application.rb:231:in `call'
  rack (1.6.0) lib/rack/content_length.rb:15:in `call'
  /usr/lib/ruby/vendor_ruby/rails/rack/log_tailer.rb:17:in `call'
  rack (1.6.0) lib/rack/handler/webrick.rb:89:in `service'
  /usr/lib/ruby/1.9.1/webrick/httpserver.rb:138:in `service'
  /usr/lib/ruby/1.9.1/webrick/httpserver.rb:94:in `run'
  /usr/lib/ruby/1.9.1/webrick/server.rb:191:in `block in start_thread'


  Rendered /usr/lib/ruby/vendor_ruby/action_dispatch/middleware/templates/rescues/routing_error.erb within rescues/layout (15.0ms)


Started GET "/commitee" for 127.0.0.1 at 2015-01-15 16:20:47 +0100

ActionController::RoutingError (No route matches [GET] "/commitee"):
  /usr/lib/ruby/vendor_ruby/action_dispatch/middleware/debug_exceptions.rb:21:in `call'
  /usr/lib/ruby/vendor_ruby/action_dispatch/middleware/show_exceptions.rb:56:in `call'
  /usr/lib/ruby/vendor_ruby/rails/rack/logger.rb:32:in `call_app'
  /usr/lib/ruby/vendor_ruby/rails/rack/logger.rb:16:in `block in call'
  /usr/lib/ruby/vendor_ruby/active_support/tagged_logging.rb:22:in `tagged'
  /usr/lib/ruby/vendor_ruby/rails/rack/logger.rb:16:in `call'
  /usr/lib/ruby/vendor_ruby/action_dispatch/middleware/request_id.rb:22:in `call'
  rack (1.6.0) lib/rack/methodoverride.rb:22:in `call'
  rack (1.6.0) lib/rack/runtime.rb:18:in `call'
  /usr/lib/ruby/vendor_ruby/active_support/cache/strategy/local_cache.rb:72:in `call'
  rack (1.6.0) lib/rack/lock.rb:17:in `call'
  /usr/lib/ruby/vendor_ruby/action_dispatch/middleware/static.rb:63:in `call'
  /usr/lib/ruby/vendor_ruby/rails/engine.rb:484:in `call'
  /usr/lib/ruby/vendor_ruby/rails/application.rb:231:in `call'
  rack (1.6.0) lib/rack/content_length.rb:15:in `call'
  /usr/lib/ruby/vendor_ruby/rails/rack/log_tailer.rb:17:in `call'
  rack (1.6.0) lib/rack/handler/webrick.rb:89:in `service'
  /usr/lib/ruby/1.9.1/webrick/httpserver.rb:138:in `service'
  /usr/lib/ruby/1.9.1/webrick/httpserver.rb:94:in `run'
  /usr/lib/ruby/1.9.1/webrick/server.rb:191:in `block in start_thread'


  Rendered /usr/lib/ruby/vendor_ruby/action_dispatch/middleware/templates/rescues/routing_error.erb within rescues/layout (4.1ms)


Started GET "/committee" for 127.0.0.1 at 2015-01-15 16:21:05 +0100

ActionController::RoutingError (No route matches [GET] "/committee"):
  /usr/lib/ruby/vendor_ruby/action_dispatch/middleware/debug_exceptions.rb:21:in `call'
  /usr/lib/ruby/vendor_ruby/action_dispatch/middleware/show_exceptions.rb:56:in `call'
  /usr/lib/ruby/vendor_ruby/rails/rack/logger.rb:32:in `call_app'
  /usr/lib/ruby/vendor_ruby/rails/rack/logger.rb:16:in `block in call'
  /usr/lib/ruby/vendor_ruby/active_support/tagged_logging.rb:22:in `tagged'
  /usr/lib/ruby/vendor_ruby/rails/rack/logger.rb:16:in `call'
  /usr/lib/ruby/vendor_ruby/action_dispatch/middleware/request_id.rb:22:in `call'
  rack (1.6.0) lib/rack/methodoverride.rb:22:in `call'
  rack (1.6.0) lib/rack/runtime.rb:18:in `call'
  /usr/lib/ruby/vendor_ruby/active_support/cache/strategy/local_cache.rb:72:in `call'
  rack (1.6.0) lib/rack/lock.rb:17:in `call'
  /usr/lib/ruby/vendor_ruby/action_dispatch/middleware/static.rb:63:in `call'
  /usr/lib/ruby/vendor_ruby/rails/engine.rb:484:in `call'
  /usr/lib/ruby/vendor_ruby/rails/application.rb:231:in `call'
  rack (1.6.0) lib/rack/content_length.rb:15:in `call'
  /usr/lib/ruby/vendor_ruby/rails/rack/log_tailer.rb:17:in `call'
  rack (1.6.0) lib/rack/handler/webrick.rb:89:in `service'
  /usr/lib/ruby/1.9.1/webrick/httpserver.rb:138:in `service'
  /usr/lib/ruby/1.9.1/webrick/httpserver.rb:94:in `run'
  /usr/lib/ruby/1.9.1/webrick/server.rb:191:in `block in start_thread'


  Rendered /usr/lib/ruby/vendor_ruby/action_dispatch/middleware/templates/rescues/routing_error.erb within rescues/layout (4.4ms)


Started GET "/committees" for 127.0.0.1 at 2015-01-15 16:21:23 +0100
Processing by CommitteesController#index as HTML
  [1m[36mCommittee Load (0.6ms)[0m  [1mSELECT "committees".* FROM "committees" [0m
  Rendered committees/index.html.erb within layouts/application (4.7ms)
Warning. Error encountered while saving cache /home/ina/ruby_project/elections/tmp/cache/sass/41c34f90258ef7544a90603b7e2773c5d82f4865/committees.css.scssc: can't dump anonymous class #<Class:0xa7207a4>
Compiled committees.css  (31ms)  (pid 2373)
Warning. Error encountered while saving cache /home/ina/ruby_project/elections/tmp/cache/sass/41c34f90258ef7544a90603b7e2773c5d82f4865/scaffolds.css.scssc: can't dump anonymous class #<Class:0xa7207a4>
Compiled scaffolds.css  (75ms)  (pid 2373)
Compiled application.css  (171ms)  (pid 2373)
Compiled jquery.js  (95ms)  (pid 2373)
Compiled jquery_ujs.js  (3ms)  (pid 2373)
Compiled committees.js  (365ms)  (pid 2373)
Compiled application.js  (597ms)  (pid 2373)
Completed 200 OK in 1260.8ms (Views: 994.0ms | ActiveRecord: 14.5ms)


Started GET "/assets/application.css?body=1" for 127.0.0.1 at 2015-01-15 16:21:25 +0100
Served asset /application.css - 200 OK (96ms)


Started GET "/assets/jquery.js?body=1" for 127.0.0.1 at 2015-01-15 16:21:25 +0100
Served asset /jquery.js - 200 OK (17ms)


Started GET "/assets/committees.css?body=1" for 127.0.0.1 at 2015-01-15 16:21:25 +0100
Served asset /committees.css - 200 OK (14ms)


Started GET "/assets/scaffolds.css?body=1" for 127.0.0.1 at 2015-01-15 16:21:25 +0100
Served asset /scaffolds.css - 200 OK (13ms)


Started GET "/assets/jquery_ujs.js?body=1" for 127.0.0.1 at 2015-01-15 16:21:25 +0100
Served asset /jquery_ujs.js - 200 OK (17ms)


Started GET "/assets/committees.js?body=1" for 127.0.0.1 at 2015-01-15 16:21:25 +0100
Served asset /committees.js - 200 OK (11ms)


Started GET "/assets/application.js?body=1" for 127.0.0.1 at 2015-01-15 16:21:25 +0100
Served asset /application.js - 200 OK (39ms)
Connecting to database specified by database.yml
Connecting to database specified by database.yml
  [1m[36m (5.9ms)[0m  [1mSELECT "schema_migrations"."version" FROM "schema_migrations" [0m
Migrating to CreateCommittees (20150115151621)
Migrating to CreateVoivodships (20150115152223)
  [1m[35m (0.3ms)[0m  select sqlite_version(*)
  [1m[36m (0.2ms)[0m  [1mbegin transaction[0m
  [1m[35m (1.6ms)[0m  CREATE TABLE "voivodships" ("id" INTEGER PRIMARY KEY AUTOINCREMENT NOT NULL, "name" varchar(255), "voivodship_id" integer, "created_at" datetime NOT NULL, "updated_at" datetime NOT NULL) 
  [1m[36m (0.5ms)[0m  [1mINSERT INTO "schema_migrations" ("version") VALUES ('20150115152223')[0m
  [1m[35m (107.5ms)[0m  commit transaction
  [1m[36m (0.6ms)[0m  [1mSELECT "schema_migrations"."version" FROM "schema_migrations" [0m


Started GET "/voivodships" for 127.0.0.1 at 2015-01-15 16:22:58 +0100
Processing by VoivodshipsController#index as HTML
  [1m[35mVoivodship Load (0.6ms)[0m  SELECT "voivodships".* FROM "voivodships" 
  Rendered voivodships/index.html.erb within layouts/application (4.5ms)
Warning. Error encountered while saving cache /home/ina/ruby_project/elections/tmp/cache/sass/41c34f90258ef7544a90603b7e2773c5d82f4865/voivodships.css.scssc: can't dump anonymous class #<Class:0xa7207a4>
Compiled voivodships.css  (7ms)  (pid 2373)
Compiled application.css  (44ms)  (pid 2373)
Compiled voivodships.js  (5ms)  (pid 2373)
Compiled application.js  (53ms)  (pid 2373)
Completed 200 OK in 234.5ms (Views: 223.0ms | ActiveRecord: 2.9ms)


Started GET "/assets/application.css?body=1" for 127.0.0.1 at 2015-01-15 16:22:59 +0100
Served asset /application.css - 304 Not Modified (85ms)


Started GET "/assets/scaffolds.css?body=1" for 127.0.0.1 at 2015-01-15 16:22:59 +0100
Served asset /scaffolds.css - 304 Not Modified (0ms)


Started GET "/assets/committees.css?body=1" for 127.0.0.1 at 2015-01-15 16:22:59 +0100
Served asset /committees.css - 304 Not Modified (0ms)


Started GET "/assets/jquery.js?body=1" for 127.0.0.1 at 2015-01-15 16:22:59 +0100
Served asset /jquery.js - 304 Not Modified (0ms)


Started GET "/assets/voivodships.css?body=1" for 127.0.0.1 at 2015-01-15 16:22:59 +0100
Served asset /voivodships.css - 200 OK (23ms)


Started GET "/assets/jquery_ujs.js?body=1" for 127.0.0.1 at 2015-01-15 16:22:59 +0100
Served asset /jquery_ujs.js - 304 Not Modified (0ms)


Started GET "/assets/committees.js?body=1" for 127.0.0.1 at 2015-01-15 16:22:59 +0100
Served asset /committees.js - 304 Not Modified (1ms)


Started GET "/assets/voivodships.js?body=1" for 127.0.0.1 at 2015-01-15 16:22:59 +0100
Served asset /voivodships.js - 200 OK (12ms)


Started GET "/assets/application.js?body=1" for 127.0.0.1 at 2015-01-15 16:22:59 +0100
Served asset /application.js - 304 Not Modified (40ms)
Connecting to database specified by database.yml
  [1m[36m (5.9ms)[0m  [1mSELECT "schema_migrations"."version" FROM "schema_migrations" [0m
  [1m[35m (0.5ms)[0m  SELECT "schema_migrations"."version" FROM "schema_migrations" 
Migrating to CreateVoivodships (20150115152223)
  [1m[36m (0.2ms)[0m  [1mselect sqlite_version(*)[0m
  [1m[35m (0.2ms)[0m  begin transaction
  [1m[36m (1.4ms)[0m  [1mDROP TABLE "voivodships"[0m
  [1m[35m (0.6ms)[0m  DELETE FROM "schema_migrations" WHERE "schema_migrations"."version" = '20150115152223'
  [1m[36m (118.6ms)[0m  [1mcommit transaction[0m
  [1m[35m (0.5ms)[0m  SELECT "schema_migrations"."version" FROM "schema_migrations" 
Connecting to database specified by database.yml
  [1m[36m (5.8ms)[0m  [1mSELECT "schema_migrations"."version" FROM "schema_migrations" [0m
  [1m[35m (0.6ms)[0m  SELECT "schema_migrations"."version" FROM "schema_migrations" 
Migrating to CreateCommittees (20150115151621)
  [1m[36m (0.3ms)[0m  [1mselect sqlite_version(*)[0m
  [1m[35m (0.2ms)[0m  begin transaction
  [1m[36m (1.9ms)[0m  [1mDROP TABLE "committees"[0m
  [1m[35m (0.6ms)[0m  DELETE FROM "schema_migrations" WHERE "schema_migrations"."version" = '20150115151621'
  [1m[36m (109.2ms)[0m  [1mcommit transaction[0m
  [1m[35m (0.4ms)[0m  SELECT "schema_migrations"."version" FROM "schema_migrations" 
Connecting to database specified by database.yml
Connecting to database specified by database.yml
  [1m[36m (5.7ms)[0m  [1mSELECT "schema_migrations"."version" FROM "schema_migrations" [0m
Migrating to CreateCommittees (20150115151621)
  [1m[35m (0.3ms)[0m  select sqlite_version(*)
  [1m[36m (0.2ms)[0m  [1mbegin transaction[0m
  [1m[35m (2.0ms)[0m  CREATE TABLE "committees" ("id" INTEGER PRIMARY KEY AUTOINCREMENT NOT NULL, "name" varchar(255), "commitee_id" integer, "created_at" datetime NOT NULL, "updated_at" datetime NOT NULL) 
  [1m[36m (0.6ms)[0m  [1mINSERT INTO "schema_migrations" ("version") VALUES ('20150115151621')[0m
  [1m[35m (123.2ms)[0m  commit transaction
Migrating to CreateVoivodships (20150115152223)
  [1m[36m (0.2ms)[0m  [1mbegin transaction[0m
  [1m[35m (1.2ms)[0m  CREATE TABLE "voivodships" ("id" INTEGER PRIMARY KEY AUTOINCREMENT NOT NULL, "name" varchar(255), "voivodship_id" integer, "created_at" datetime NOT NULL, "updated_at" datetime NOT NULL) 
  [1m[36m (0.5ms)[0m  [1mINSERT INTO "schema_migrations" ("version") VALUES ('20150115152223')[0m
  [1m[35m (139.7ms)[0m  commit transaction
  [1m[36m (0.5ms)[0m  [1mSELECT "schema_migrations"."version" FROM "schema_migrations" [0m
Connecting to database specified by database.yml
  [1m[36m (5.9ms)[0m  [1mSELECT "schema_migrations"."version" FROM "schema_migrations" [0m
  [1m[35m (0.5ms)[0m  SELECT "schema_migrations"."version" FROM "schema_migrations" 
Migrating to CreateVoivodships (20150115152223)
  [1m[36m (0.3ms)[0m  [1mselect sqlite_version(*)[0m
  [1m[35m (0.2ms)[0m  begin transaction
  [1m[36m (1.9ms)[0m  [1mDROP TABLE "voivodships"[0m
  [1m[35m (0.7ms)[0m  DELETE FROM "schema_migrations" WHERE "schema_migrations"."version" = '20150115152223'
  [1m[36m (116.0ms)[0m  [1mcommit transaction[0m
  [1m[35m (0.5ms)[0m  SELECT "schema_migrations"."version" FROM "schema_migrations" 
Connecting to database specified by database.yml
  [1m[36m (5.8ms)[0m  [1mSELECT "schema_migrations"."version" FROM "schema_migrations" [0m
  [1m[35m (0.5ms)[0m  SELECT "schema_migrations"."version" FROM "schema_migrations" 
Migrating to CreateCommittees (20150115151621)
  [1m[36m (0.3ms)[0m  [1mselect sqlite_version(*)[0m
  [1m[35m (0.2ms)[0m  begin transaction
  [1m[36m (1.9ms)[0m  [1mDROP TABLE "committees"[0m
  [1m[35m (0.6ms)[0m  DELETE FROM "schema_migrations" WHERE "schema_migrations"."version" = '20150115151621'
  [1m[36m (123.8ms)[0m  [1mcommit transaction[0m
  [1m[35m (0.4ms)[0m  SELECT "schema_migrations"."version" FROM "schema_migrations" 
Connecting to database specified by database.yml
  [1m[36m (0.4ms)[0m  [1mselect sqlite_version(*)[0m
  [1m[35m (101.6ms)[0m  CREATE TABLE "schema_migrations" ("version" varchar(255) NOT NULL) 
  [1m[36m (125.0ms)[0m  [1mCREATE UNIQUE INDEX "unique_schema_migrations" ON "schema_migrations" ("version")[0m
  [1m[35m (0.4ms)[0m  SELECT version FROM "schema_migrations"
  [1m[36m (123.0ms)[0m  [1mINSERT INTO "schema_migrations" (version) VALUES ('0')[0m
  [1m[35m (7.3ms)[0m  SELECT "schema_migrations"."version" FROM "schema_migrations" 
Connecting to database specified by database.yml
  [1m[36m (5.8ms)[0m  [1mSELECT "schema_migrations"."version" FROM "schema_migrations" [0m
Migrating to CreateCommittees (20150115151621)
  [1m[35m (0.3ms)[0m  select sqlite_version(*)
  [1m[36m (0.2ms)[0m  [1mbegin transaction[0m
  [1m[35m (2.5ms)[0m  CREATE TABLE "committees" ("id" INTEGER PRIMARY KEY AUTOINCREMENT NOT NULL, "name" varchar(255), "commitee_id" integer, "created_at" datetime NOT NULL, "updated_at" datetime NOT NULL) 
  [1m[36m (0.6ms)[0m  [1mINSERT INTO "schema_migrations" ("version") VALUES ('20150115151621')[0m
  [1m[35m (121.3ms)[0m  commit transaction
Migrating to CreateVoivodships (20150115152223)
  [1m[36m (0.2ms)[0m  [1mbegin transaction[0m
  [1m[35m (1.2ms)[0m  CREATE TABLE "voivodships" ("id" INTEGER PRIMARY KEY AUTOINCREMENT NOT NULL, "name" varchar(255), "voivodship_id" integer, "created_at" datetime NOT NULL, "updated_at" datetime NOT NULL) 
  [1m[36m (0.5ms)[0m  [1mINSERT INTO "schema_migrations" ("version") VALUES ('20150115152223')[0m
  [1m[35m (131.9ms)[0m  commit transaction
  [1m[36m (0.5ms)[0m  [1mSELECT "schema_migrations"."version" FROM "schema_migrations" [0m
Connecting to database specified by database.yml
  [1m[36m (59.4ms)[0m  [1mselect sqlite_version(*)[0m
  [1m[35m (101.1ms)[0m  CREATE TABLE "committees" ("id" INTEGER PRIMARY KEY AUTOINCREMENT NOT NULL, "name" varchar(255), "commitee_id" integer, "created_at" datetime NOT NULL, "updated_at" datetime NOT NULL) 
  [1m[36m (104.4ms)[0m  [1mCREATE TABLE "voivodships" ("id" INTEGER PRIMARY KEY AUTOINCREMENT NOT NULL, "name" varchar(255), "voivodship_id" integer, "created_at" datetime NOT NULL, "updated_at" datetime NOT NULL) [0m
  [1m[35m (124.1ms)[0m  CREATE TABLE "schema_migrations" ("version" varchar(255) NOT NULL) 
  [1m[36m (126.3ms)[0m  [1mCREATE UNIQUE INDEX "unique_schema_migrations" ON "schema_migrations" ("version")[0m
  [1m[35m (0.5ms)[0m  SELECT version FROM "schema_migrations"
  [1m[36m (123.1ms)[0m  [1mINSERT INTO "schema_migrations" (version) VALUES ('20150115152223')[0m
  [1m[35m (125.8ms)[0m  INSERT INTO "schema_migrations" (version) VALUES ('20150115151621')
  [1m[36m (7.2ms)[0m  [1mSELECT "schema_migrations"."version" FROM "schema_migrations" [0m
Connecting to database specified by database.yml
  [1m[36m (5.8ms)[0m  [1mSELECT "schema_migrations"."version" FROM "schema_migrations" [0m
  [1m[35m (0.5ms)[0m  SELECT "schema_migrations"."version" FROM "schema_migrations" 
Migrating to CreateVoivodships (20150115152223)
  [1m[36m (0.3ms)[0m  [1mselect sqlite_version(*)[0m
  [1m[35m (0.2ms)[0m  begin transaction
  [1m[36m (2.0ms)[0m  [1mDROP TABLE "voivodships"[0m
  [1m[35m (0.6ms)[0m  DELETE FROM "schema_migrations" WHERE "schema_migrations"."version" = '20150115152223'
  [1m[36m (423.2ms)[0m  [1mcommit transaction[0m
  [1m[35m (0.5ms)[0m  SELECT "schema_migrations"."version" FROM "schema_migrations" 
Connecting to database specified by database.yml
  [1m[36m (5.8ms)[0m  [1mSELECT "schema_migrations"."version" FROM "schema_migrations" [0m
  [1m[35m (0.6ms)[0m  SELECT "schema_migrations"."version" FROM "schema_migrations" 
Migrating to CreateCommittees (20150115151621)
  [1m[36m (0.3ms)[0m  [1mselect sqlite_version(*)[0m
  [1m[35m (0.2ms)[0m  begin transaction
  [1m[36m (1.9ms)[0m  [1mDROP TABLE "committees"[0m
  [1m[35m (0.8ms)[0m  DELETE FROM "schema_migrations" WHERE "schema_migrations"."version" = '20150115151621'
  [1m[36m (119.5ms)[0m  [1mcommit transaction[0m
  [1m[35m (0.6ms)[0m  SELECT "schema_migrations"."version" FROM "schema_migrations" 
Connecting to database specified by database.yml
Connecting to database specified by database.yml
  [1m[36m (5.8ms)[0m  [1mSELECT "schema_migrations"."version" FROM "schema_migrations" [0m
Migrating to CreateCommittees (20150115184450)
  [1m[35m (0.3ms)[0m  select sqlite_version(*)
  [1m[36m (0.2ms)[0m  [1mbegin transaction[0m
  [1m[35m (1.6ms)[0m  CREATE TABLE "committees" ("id" INTEGER PRIMARY KEY AUTOINCREMENT NOT NULL, "name" varchar(255), "created_at" datetime NOT NULL, "updated_at" datetime NOT NULL) 
  [1m[36m (0.5ms)[0m  [1mINSERT INTO "schema_migrations" ("version") VALUES ('20150115184450')[0m
  [1m[35m (104.3ms)[0m  commit transaction
  [1m[36m (0.4ms)[0m  [1mSELECT "schema_migrations"."version" FROM "schema_migrations" [0m


Started GET "/committees" for 127.0.0.1 at 2015-01-15 19:46:51 +0100
Processing by CommitteesController#index as HTML
  [1m[36mCommittee Load (0.5ms)[0m  [1mSELECT "committees".* FROM "committees" [0m
  Rendered committees/index.html.erb within layouts/application (4.4ms)
Completed 200 OK in 41.6ms (Views: 28.7ms | ActiveRecord: 2.6ms)


Started GET "/assets/application.css?body=1" for 127.0.0.1 at 2015-01-15 19:46:52 +0100
Served asset /application.css - 304 Not Modified (0ms)


Started GET "/assets/committees.css?body=1" for 127.0.0.1 at 2015-01-15 19:46:52 +0100
Served asset /committees.css - 304 Not Modified (0ms)


Started GET "/assets/scaffolds.css?body=1" for 127.0.0.1 at 2015-01-15 19:46:52 +0100
Served asset /scaffolds.css - 304 Not Modified (0ms)


Started GET "/assets/jquery.js?body=1" for 127.0.0.1 at 2015-01-15 19:46:52 +0100
Served asset /jquery.js - 304 Not Modified (0ms)


Started GET "/assets/jquery_ujs.js?body=1" for 127.0.0.1 at 2015-01-15 19:46:52 +0100
Served asset /jquery_ujs.js - 304 Not Modified (0ms)


Started GET "/assets/voivodships.css?body=1" for 127.0.0.1 at 2015-01-15 19:46:52 +0100
Served asset /voivodships.css - 304 Not Modified (0ms)


Started GET "/assets/committees.js?body=1" for 127.0.0.1 at 2015-01-15 19:46:52 +0100
Served asset /committees.js - 304 Not Modified (0ms)


Started GET "/assets/voivodships.js?body=1" for 127.0.0.1 at 2015-01-15 19:46:52 +0100
Served asset /voivodships.js - 304 Not Modified (0ms)


Started GET "/assets/application.js?body=1" for 127.0.0.1 at 2015-01-15 19:46:52 +0100
Served asset /application.js - 304 Not Modified (0ms)
Connecting to database specified by database.yml
Connecting to database specified by database.yml
  [1m[36m (6.9ms)[0m  [1mSELECT "schema_migrations"."version" FROM "schema_migrations" [0m
Migrating to CreateCommittees (20150115184450)
Migrating to CreateVoivodships (20150115184900)
  [1m[35m (0.3ms)[0m  select sqlite_version(*)
  [1m[36m (0.2ms)[0m  [1mbegin transaction[0m
  [1m[35m (1.5ms)[0m  CREATE TABLE "voivodships" ("id" INTEGER PRIMARY KEY AUTOINCREMENT NOT NULL, "name" varchar(255), "created_at" datetime NOT NULL, "updated_at" datetime NOT NULL) 
  [1m[36m (0.6ms)[0m  [1mINSERT INTO "schema_migrations" ("version") VALUES ('20150115184900')[0m
  [1m[35m (112.7ms)[0m  commit transaction
  [1m[36m (0.5ms)[0m  [1mSELECT "schema_migrations"."version" FROM "schema_migrations" [0m
Connecting to database specified by database.yml
Connecting to database specified by database.yml
  [1m[36m (5.9ms)[0m  [1mSELECT "schema_migrations"."version" FROM "schema_migrations" [0m
Migrating to CreateCommittees (20150115184450)
Migrating to CreateVoivodships (20150115184900)
Migrating to CreateVoivodshipCommittees (20150115185117)
  [1m[35m (0.3ms)[0m  select sqlite_version(*)
  [1m[36m (0.2ms)[0m  [1mbegin transaction[0m
  [1m[35m (1.9ms)[0m  CREATE TABLE "voivodship_committees" ("id" INTEGER PRIMARY KEY AUTOINCREMENT NOT NULL, "committee_id" integer, "voivodship_id" integer, "created_at" datetime NOT NULL, "updated_at" datetime NOT NULL) 
  [1m[36m (0.7ms)[0m  [1mCREATE INDEX "index_voivodship_committees_on_committee_id" ON "voivodship_committees" ("committee_id")[0m
  [1m[35m (0.7ms)[0m  CREATE INDEX "index_voivodship_committees_on_voivodship_id" ON "voivodship_committees" ("voivodship_id")
  [1m[36m (0.6ms)[0m  [1mINSERT INTO "schema_migrations" ("version") VALUES ('20150115185117')[0m
  [1m[35m (120.1ms)[0m  commit transaction
  [1m[36m (0.7ms)[0m  [1mSELECT "schema_migrations"."version" FROM "schema_migrations" [0m
Connecting to database specified by database.yml
Connecting to database specified by database.yml
  [1m[36m (5.9ms)[0m  [1mSELECT "schema_migrations"."version" FROM "schema_migrations" [0m
Migrating to CreateCommittees (20150115184450)
Migrating to CreateVoivodships (20150115184900)
Migrating to CreateVoivodshipCommittees (20150115185117)
Migrating to CreateElectoralDistricts (20150115185508)
  [1m[35m (0.3ms)[0m  select sqlite_version(*)
  [1m[36m (0.2ms)[0m  [1mbegin transaction[0m
  [1m[35m (2.0ms)[0m  CREATE TABLE "electoral_districts" ("id" INTEGER PRIMARY KEY AUTOINCREMENT NOT NULL, "name" varchar(255), "valid_votes" integer, "voivodship_id" integer, "created_at" datetime NOT NULL, "updated_at" datetime NOT NULL) 
  [1m[36m (1.0ms)[0m  [1mCREATE INDEX "index_electoral_districts_on_voivodship_id" ON "electoral_districts" ("voivodship_id")[0m
  [1m[35m (0.5ms)[0m  INSERT INTO "schema_migrations" ("version") VALUES ('20150115185508')
  [1m[36m (103.8ms)[0m  [1mcommit transaction[0m
  [1m[35m (0.5ms)[0m  SELECT "schema_migrations"."version" FROM "schema_migrations" 
Connecting to database specified by database.yml
Connecting to database specified by database.yml
  [1m[36m (5.9ms)[0m  [1mSELECT "schema_migrations"."version" FROM "schema_migrations" [0m
Migrating to CreateCommittees (20150115184450)
Migrating to CreateVoivodships (20150115184900)
Migrating to CreateVoivodshipCommittees (20150115185117)
Migrating to CreateElectoralDistricts (20150115185508)
Migrating to CreateUsers (20150115185722)
  [1m[35m (0.3ms)[0m  select sqlite_version(*)
  [1m[36m (0.2ms)[0m  [1mbegin transaction[0m
  [1m[35m (1.7ms)[0m  CREATE TABLE "users" ("id" INTEGER PRIMARY KEY AUTOINCREMENT NOT NULL, "first_name" varchar(255), "surname" varchar(255), "electoral_district_id" integer, "created_at" datetime NOT NULL, "updated_at" datetime NOT NULL) 
  [1m[36m (0.7ms)[0m  [1mCREATE INDEX "index_users_on_electoral_district_id" ON "users" ("electoral_district_id")[0m
  [1m[35m (0.7ms)[0m  INSERT INTO "schema_migrations" ("version") VALUES ('20150115185722')
  [1m[36m (109.4ms)[0m  [1mcommit transaction[0m
  [1m[35m (0.6ms)[0m  SELECT "schema_migrations"."version" FROM "schema_migrations" 
Connecting to database specified by database.yml
Connecting to database specified by database.yml
  [1m[36m (5.9ms)[0m  [1mSELECT "schema_migrations"."version" FROM "schema_migrations" [0m
Migrating to CreateCommittees (20150115184450)
Migrating to CreateVoivodships (20150115184900)
Migrating to CreateVoivodshipCommittees (20150115185117)
Migrating to CreateElectoralDistricts (20150115185508)
Migrating to CreateUsers (20150115185722)
Migrating to CreateVotes (20150115185918)
  [1m[35m (0.3ms)[0m  select sqlite_version(*)
  [1m[36m (0.2ms)[0m  [1mbegin transaction[0m
  [1m[35m (2.1ms)[0m  CREATE TABLE "votes" ("id" INTEGER PRIMARY KEY AUTOINCREMENT NOT NULL, "number_of_votes" integer, "electoral_district_id" integer, "committee_id" integer, "created_at" datetime NOT NULL, "updated_at" datetime NOT NULL) 
  [1m[36m (0.7ms)[0m  [1mCREATE INDEX "index_votes_on_electoral_district_id" ON "votes" ("electoral_district_id")[0m
  [1m[35m (0.9ms)[0m  CREATE INDEX "index_votes_on_committee_id" ON "votes" ("committee_id")
  [1m[36m (0.5ms)[0m  [1mINSERT INTO "schema_migrations" ("version") VALUES ('20150115185918')[0m
  [1m[35m (105.5ms)[0m  commit transaction
  [1m[36m (0.6ms)[0m  [1mSELECT "schema_migrations"."version" FROM "schema_migrations" [0m
